<?xml version="1.0" encoding="utf-8"?><testsuites><testsuite name="pytest" errors="0" failures="0" skipped="0" tests="49" time="4.207" timestamp="2026-09-21T22:52:31.686509" hostname="UI-H29BGG4"><testcase classname="tests.test_auth.TestVerifyJwt" name="test_valid_token_returns_claims" time="0.360" /><testcase classname="tests.test_auth.TestVerifyJwt" name="test_expired_token_raises_401" time="0.005" /><testcase classname="tests.test_auth.TestVerifyJwt" name="test_invalid_token_raises_401" time="0.002" /><testcase classname="tests.test_auth.TestVerifyJwt" name="test_tampered_token_raises_401" time="0.003" /><testcase classname="tests.test_auth.TestVerifyAuthApiKey" name="test_valid_api_key_returns_claims" time="0.022" /><testcase classname="tests.test_auth.TestVerifyAuthApiKey" name="test_invalid_api_key_raises_401" time="0.008" /><testcase classname="tests.test_auth.TestVerifyAuthApiKey" name="test_api_key_takes_priority_over_jwt" time="0.010" /><testcase classname="tests.test_auth.TestVerifyAuthJwt" name="test_valid_jwt_bearer_returns_claims" time="0.008" /><testcase classname="tests.test_auth.TestVerifyAuthJwt" name="test_missing_auth_header_raises_401" time="0.007" /><testcase classname="tests.test_auth.TestVerifyAuthJwt" name="test_non_bearer_scheme_raises_401" time="0.008" /><testcase classname="tests.test_auth.TestVerifyAuthJwt" name="test_expired_jwt_raises_401" time="0.010" /><testcase classname="tests.test_auth.TestVerifyAuthJwt" name="test_invalid_jwt_raises_401" time="0.008" /><testcase classname="tests.test_middleware.TestAuthMiddleware" name="test_valid_api_key_passes" time="0.074" /><testcase classname="tests.test_middleware.TestAuthMiddleware" name="test_second_valid_key_passes" time="0.032" /><testcase classname="tests.test_middleware.TestAuthMiddleware" name="test_missing_api_key_returns_401" time="0.024" /><testcase classname="tests.test_middleware.TestAuthMiddleware" name="test_invalid_api_key_returns_403" time="0.026" /><testcase classname="tests.test_middleware.TestAuthMiddleware" name="test_missing_key_increments_auth_failure_metric" time="0.027" /><testcase classname="tests.test_middleware.TestAuthMiddleware" name="test_invalid_key_increments_auth_failure_metric" time="0.016" /><testcase classname="tests.test_middleware.TestAuthMiddleware" name="test_metrics_path_skips_auth" time="0.017" /><testcase classname="tests.test_middleware.TestAuthMiddleware" name="test_health_path_skips_auth" time="0.020" /><testcase classname="tests.test_middleware.TestRateLimitMiddleware" name="test_under_limit_returns_200" time="0.026" /><testcase classname="tests.test_middleware.TestRateLimitMiddleware" name="test_over_limit_returns_429" time="0.018" /><testcase classname="tests.test_middleware.TestRateLimitMiddleware" name="test_429_includes_retry_after_header" time="0.016" /><testcase classname="tests.test_middleware.TestRateLimitMiddleware" name="test_under_limit_includes_remaining_header" time="0.028" /><testcase classname="tests.test_middleware.TestRateLimitMiddleware" name="test_metrics_path_skips_rate_limit" time="0.017" /><testcase classname="tests.test_middleware.TestRateLimitMiddleware" name="test_over_limit_increments_metric" time="0.017" /><testcase classname="tests.test_middleware.TestRateLimitMiddleware" name="test_negative_ttl_triggers_expire" time="0.021" /><testcase classname="tests.test_proxy.TestProxyRequest" name="test_success_returns_upstream_response" time="0.018" /><testcase classname="tests.test_proxy.TestProxyRequest" name="test_forwards_upstream_status_code" time="0.009" /><testcase classname="tests.test_proxy.TestProxyRequest" name="test_timeout_raises_504" time="0.011" /><testcase classname="tests.test_proxy.TestProxyRequest" name="test_connect_error_raises_502" time="0.009" /><testcase classname="tests.test_proxy.TestProxyRequest" name="test_hop_by_hop_headers_stripped_from_request" time="0.010" /><testcase classname="tests.test_proxy.TestProxyRequest" name="test_x_forwarded_for_header_added" time="0.012" /><testcase classname="tests.test_proxy.TestProxyRequest" name="test_hop_by_hop_stripped_from_response" time="0.012" /><testcase classname="tests.test_proxy.TestProxyRequest" name="test_upstream_body_forwarded" time="0.010" /><testcase classname="tests.test_proxy.TestForwardHeaders" name="test_strips_host_header" time="0.002" /><testcase classname="tests.test_proxy.TestForwardHeaders" name="test_preserves_custom_headers" time="0.002" /><testcase classname="tests.test_rate_limiter.TestRateLimiterCheckIp" name="test_under_limit_returns_allowed" time="0.026" /><testcase classname="tests.test_rate_limiter.TestRateLimiterCheckIp" name="test_at_limit_returns_allowed" time="0.015" /><testcase classname="tests.test_rate_limiter.TestRateLimiterCheckIp" name="test_over_limit_returns_not_allowed" time="0.013" /><testcase classname="tests.test_rate_limiter.TestRateLimiterCheckIp" name="test_uses_ip_prefixed_key" time="0.012" /><testcase classname="tests.test_rate_limiter.TestRateLimiterCheckIp" name="test_remaining_clamped_to_zero" time="0.015" /><testcase classname="tests.test_rate_limiter.TestRateLimiterCheckIp" name="test_pipeline_executed_on_every_call" time="0.019" /><testcase classname="tests.test_rate_limiter.TestRateLimiterCheckVpa" name="test_under_vpa_limit_returns_allowed" time="0.017" /><testcase classname="tests.test_rate_limiter.TestRateLimiterCheckVpa" name="test_over_vpa_limit_returns_not_allowed" time="0.021" /><testcase classname="tests.test_rate_limiter.TestRateLimiterCheckVpa" name="test_uses_vpa_prefixed_key" time="0.028" /><testcase classname="tests.test_rate_limiter.TestRateLimiterCheckVpa" name="test_remaining_clamped_to_zero" time="0.019" /><testcase classname="tests.test_rate_limiter.TestRateLimiterCheckVpa" name="test_at_vpa_limit_returns_allowed" time="0.015" /><testcase classname="tests.test_rate_limiter.TestRateLimiterCheckVpa" name="test_different_vpas_use_different_keys" time="0.016" /></testsuite></testsuites>