<?xml version="1.0" encoding="utf-8"?><testsuites><testsuite name="pytest" errors="0" failures="0" skipped="0" tests="92" time="5.345" timestamp="2026-09-21T22:36:09.059861" hostname="UI-H29BGG4"><testcase classname="tests.test_models.TestRouteRequest" name="test_vpa_only_valid" time="1.079" /><testcase classname="tests.test_models.TestRouteRequest" name="test_ifsc_only_valid" time="0.003" /><testcase classname="tests.test_models.TestRouteRequest" name="test_both_provided_raises" time="0.004" /><testcase classname="tests.test_models.TestRouteRequest" name="test_neither_provided_raises" time="0.002" /><testcase classname="tests.test_models.TestRouteRequest" name="test_empty_vpa_with_no_ifsc_raises" time="0.003" /><testcase classname="tests.test_models.TestRouteRequest" name="test_whitespace_vpa_treated_as_empty" time="0.002" /><testcase classname="tests.test_models.TestRouteResponse" name="test_valid_route_response" time="0.003" /><testcase classname="tests.test_models.TestRouteResponse" name="test_cache_resolved_from" time="0.005" /><testcase classname="tests.test_resolvers.TestVpaResolver" name="test_known_handles_map_correctly[alice@sbi-SBI]" time="0.020" /><testcase classname="tests.test_resolvers.TestVpaResolver" name="test_known_handles_map_correctly[alice@oksbi-SBI]" time="0.004" /><testcase classname="tests.test_resolvers.TestVpaResolver" name="test_known_handles_map_correctly[bob@icici-ICICI]" time="0.004" /><testcase classname="tests.test_resolvers.TestVpaResolver" name="test_known_handles_map_correctly[bob@okicici-ICICI]" time="0.003" /><testcase classname="tests.test_resolvers.TestVpaResolver" name="test_known_handles_map_correctly[charlie@hdfcbank-HDFC]" time="0.003" /><testcase classname="tests.test_resolvers.TestVpaResolver" name="test_known_handles_map_correctly[charlie@okhdfcbank-HDFC]" time="0.003" /><testcase classname="tests.test_resolvers.TestVpaResolver" name="test_known_handles_map_correctly[dave@axisbank-AXIS]" time="0.002" /><testcase classname="tests.test_resolvers.TestVpaResolver" name="test_known_handles_map_correctly[dave@okaxis-AXIS]" time="0.003" /><testcase classname="tests.test_resolvers.TestVpaResolver" name="test_known_handles_map_correctly[eve@ybl-YESBANK]" time="0.003" /><testcase classname="tests.test_resolvers.TestVpaResolver" name="test_known_handles_map_correctly[frank@ibl-INDUSIND]" time="0.002" /><testcase classname="tests.test_resolvers.TestVpaResolver" name="test_known_handles_map_correctly[grace@paytm-PAYTM]" time="0.002" /><testcase classname="tests.test_resolvers.TestVpaResolver" name="test_known_handles_map_correctly[harry@kotak-KOTAK]" time="0.003" /><testcase classname="tests.test_resolvers.TestVpaResolver" name="test_known_handles_map_correctly[harry@kmbl-KOTAK]" time="0.003" /><testcase classname="tests.test_resolvers.TestVpaResolver" name="test_known_handles_map_correctly[ivan@pnb-PNB]" time="0.003" /><testcase classname="tests.test_resolvers.TestVpaResolver" name="test_known_handles_map_correctly[jack@boi-BOI]" time="0.003" /><testcase classname="tests.test_resolvers.TestVpaResolver" name="test_known_handles_map_correctly[kate@cnrb-CANARA]" time="0.003" /><testcase classname="tests.test_resolvers.TestVpaResolver" name="test_known_handles_map_correctly[liz@federal-FEDERAL]" time="0.003" /><testcase classname="tests.test_resolvers.TestVpaResolver" name="test_known_handles_map_correctly[liz@fbl-FEDERAL]" time="0.003" /><testcase classname="tests.test_resolvers.TestVpaResolver" name="test_known_handles_map_correctly[test@ibts-YESBANK]" time="0.002" /><testcase classname="tests.test_resolvers.TestVpaResolver" name="test_known_handles_map_correctly[upi@upi-NPCI]" time="0.003" /><testcase classname="tests.test_resolvers.TestVpaResolver" name="test_unknown_handle_returns_none" time="0.003" /><testcase classname="tests.test_resolvers.TestVpaResolver" name="test_no_at_sign_returns_none" time="0.003" /><testcase classname="tests.test_resolvers.TestVpaResolver" name="test_empty_string_returns_none" time="0.002" /><testcase classname="tests.test_resolvers.TestVpaResolver" name="test_none_returns_none" time="0.003" /><testcase classname="tests.test_resolvers.TestVpaResolver" name="test_handle_case_insensitive" time="0.002" /><testcase classname="tests.test_resolvers.TestVpaResolver" name="test_multiple_at_signs_uses_last_part" time="0.002" /><testcase classname="tests.test_resolvers.TestIfscResolver" name="test_known_prefixes_map_correctly[SBIN0001234-SBI]" time="0.008" /><testcase classname="tests.test_resolvers.TestIfscResolver" name="test_known_prefixes_map_correctly[ICIC0005678-ICICI]" time="0.003" /><testcase classname="tests.test_resolvers.TestIfscResolver" name="test_known_prefixes_map_correctly[HDFC0009012-HDFC]" time="0.002" /><testcase classname="tests.test_resolvers.TestIfscResolver" name="test_known_prefixes_map_correctly[UTIB0003456-AXIS]" time="0.002" /><testcase classname="tests.test_resolvers.TestIfscResolver" name="test_known_prefixes_map_correctly[YESB0007890-YESBANK]" time="0.003" /><testcase classname="tests.test_resolvers.TestIfscResolver" name="test_known_prefixes_map_correctly[INDB0001111-INDUSIND]" time="0.003" /><testcase classname="tests.test_resolvers.TestIfscResolver" name="test_known_prefixes_map_correctly[PYTM0002222-PAYTM]" time="0.003" /><testcase classname="tests.test_resolvers.TestIfscResolver" name="test_known_prefixes_map_correctly[KKBK0003333-KOTAK]" time="0.008" /><testcase classname="tests.test_resolvers.TestIfscResolver" name="test_known_prefixes_map_correctly[PUNB0004444-PNB]" time="0.002" /><testcase classname="tests.test_resolvers.TestIfscResolver" name="test_known_prefixes_map_correctly[BKID0005555-BOI]" time="0.002" /><testcase classname="tests.test_resolvers.TestIfscResolver" name="test_known_prefixes_map_correctly[CNRB0006666-CANARA]" time="0.004" /><testcase classname="tests.test_resolvers.TestIfscResolver" name="test_known_prefixes_map_correctly[FDRL0007777-FEDERAL]" time="0.002" /><testcase classname="tests.test_resolvers.TestIfscResolver" name="test_known_prefixes_map_correctly[BARB0008888-BOB]" time="0.002" /><testcase classname="tests.test_resolvers.TestIfscResolver" name="test_known_prefixes_map_correctly[UBIN0009999-UBI]" time="0.003" /><testcase classname="tests.test_resolvers.TestIfscResolver" name="test_known_prefixes_map_correctly[IOBA0001010-IOB]" time="0.002" /><testcase classname="tests.test_resolvers.TestIfscResolver" name="test_unknown_prefix_returns_none" time="0.002" /><testcase classname="tests.test_resolvers.TestIfscResolver" name="test_too_short_returns_none" time="0.002" /><testcase classname="tests.test_resolvers.TestIfscResolver" name="test_empty_string_returns_none" time="0.002" /><testcase classname="tests.test_resolvers.TestIfscResolver" name="test_none_returns_none" time="0.002" /><testcase classname="tests.test_resolvers.TestIfscResolver" name="test_prefix_case_insensitive" time="0.002" /><testcase classname="tests.test_router_metrics.TestRecordResolution" name="test_success_increments_resolution_total" time="0.008" /><testcase classname="tests.test_router_metrics.TestRecordResolution" name="test_latency_observed" time="0.002" /><testcase classname="tests.test_router_metrics.TestRecordResolution" name="test_unknown_handle_increments_vpa_unknown" time="0.003" /><testcase classname="tests.test_router_metrics.TestRecordResolution" name="test_success_no_unknown_increment" time="0.009" /><testcase classname="tests.test_router_metrics.TestRecordResolution" name="test_cache_hit_updates_hit_ratio" time="0.009" /><testcase classname="tests.test_router_metrics.TestRecordResolution" name="test_db_miss_updates_hit_ratio" time="0.005" /><testcase classname="tests.test_router_metrics.TestRecordCacheOp" name="test_hit_increments_cache_ops" time="0.004" /><testcase classname="tests.test_router_metrics.TestRecordCacheOp" name="test_miss_increments_cache_ops" time="0.004" /><testcase classname="tests.test_router_metrics.TestRecordCacheOp" name="test_set_increments_cache_ops" time="0.004" /><testcase classname="tests.test_router_metrics.TestRecordCacheOp" name="test_hit_and_miss_update_ratio[hit]" time="0.010" /><testcase classname="tests.test_router_metrics.TestRecordCacheOp" name="test_hit_and_miss_update_ratio[miss]" time="0.008" /><testcase classname="tests.test_routers.TestRouteRouter" name="test_resolve_vpa_returns_200" time="0.155" /><testcase classname="tests.test_routers.TestRouteRouter" name="test_resolve_ifsc_returns_200" time="0.025" /><testcase classname="tests.test_routers.TestRouteRouter" name="test_resolve_unknown_vpa_returns_404" time="0.029" /><testcase classname="tests.test_routers.TestRouteRouter" name="test_resolve_neither_vpa_nor_ifsc_returns_422" time="0.020" /><testcase classname="tests.test_routers.TestRouteRouter" name="test_resolve_both_vpa_and_ifsc_returns_422" time="0.021" /><testcase classname="tests.test_routers.TestRouteRouter" name="test_cache_hit_returns_cache_source" time="0.038" /><testcase classname="tests.test_routers.TestPaymentRouter" name="test_initiate_success_returns_bank_response" time="0.039" /><testcase classname="tests.test_routers.TestPaymentRouter" name="test_initiate_bank_http_error_returns_correct_status" time="0.044" /><testcase classname="tests.test_routers.TestPaymentRouter" name="test_initiate_bank_unreachable_returns_502" time="0.033" /><testcase classname="tests.test_routers.TestPaymentRouter" name="test_initiate_unknown_vpa_returns_404" time="0.028" /><testcase classname="tests.test_routing_service.TestRoutingServiceCacheHit" name="test_cache_hit_returns_route_from_redis" time="0.006" /><testcase classname="tests.test_routing_service.TestRoutingServiceCacheHit" name="test_cache_hit_does_not_write_to_dynamo" time="0.005" /><testcase classname="tests.test_routing_service.TestRoutingServiceCacheMiss" name="test_cache_miss_reads_dynamo" time="0.006" /><testcase classname="tests.test_routing_service.TestRoutingServiceCacheMiss" name="test_cache_miss_writes_to_redis" time="0.006" /><testcase classname="tests.test_routing_service.TestRoutingServiceCacheMiss" name="test_cache_miss_no_dynamo_record_raises_404" time="0.006" /><testcase classname="tests.test_routing_service.TestRoutingServiceCacheMiss" name="test_redis_write_failure_does_not_raise" time="0.008" /><testcase classname="tests.test_routing_service.TestRoutingServiceExtractBankCode" name="test_vpa_path_resolves_correctly" time="0.005" /><testcase classname="tests.test_routing_service.TestRoutingServiceExtractBankCode" name="test_ifsc_path_resolves_correctly" time="0.006" /><testcase classname="tests.test_routing_service.TestRoutingServiceExtractBankCode" name="test_unknown_vpa_raises_404" time="0.004" /><testcase classname="tests.test_routing_service.TestRoutingServiceExtractBankCode" name="test_unknown_ifsc_raises_404" time="0.005" /><testcase classname="tests.test_routing_service.TestRoutingServiceExtractBankCode" name="test_all_major_vpa_handles_resolve[user@oksbi-SBI]" time="0.005" /><testcase classname="tests.test_routing_service.TestRoutingServiceExtractBankCode" name="test_all_major_vpa_handles_resolve[user@okhdfcbank-HDFC]" time="0.006" /><testcase classname="tests.test_routing_service.TestRoutingServiceExtractBankCode" name="test_all_major_vpa_handles_resolve[user@okicici-ICICI]" time="0.005" /><testcase classname="tests.test_routing_service.TestRoutingServiceExtractBankCode" name="test_all_major_vpa_handles_resolve[user@ybl-YESBANK]" time="0.007" /><testcase classname="tests.test_routing_service.TestRoutingServiceExtractBankCode" name="test_all_major_vpa_handles_resolve[user@okaxis-AXIS]" time="0.006" /><testcase classname="tests.test_routing_service.TestBuildResponse" name="test_db_source_returns_config_ttl" time="0.006" /><testcase classname="tests.test_routing_service.TestBuildResponse" name="test_response_contains_all_required_fields" time="0.006" /></testsuite></testsuites>