<?xml version="1.0" encoding="utf-8"?><testsuites><testsuite name="pytest" errors="0" failures="0" skipped="0" tests="52" time="4.249" timestamp="2026-09-21T22:44:01.539494" hostname="UI-H29BGG4"><testcase classname="tests.test_idem_metrics.TestRecordIdemCheck" name="test_new_increments_checks_total" time="0.665" /><testcase classname="tests.test_idem_metrics.TestRecordIdemCheck" name="test_cached_increments_checks_total" time="0.004" /><testcase classname="tests.test_idem_metrics.TestRecordIdemCheck" name="test_stale_processing_increments_both_counters" time="0.006" /><testcase classname="tests.test_idem_metrics.TestRecordIdemCheck" name="test_new_does_not_increment_stale_counter" time="0.003" /><testcase classname="tests.test_idem_metrics.TestRecordIdemCheck" name="test_cached_does_not_increment_stale_counter" time="0.003" /><testcase classname="tests.test_models.TestCheckRequest" name="test_valid_check_request" time="0.003" /><testcase classname="tests.test_models.TestCheckRequest" name="test_missing_transaction_ref_id_raises" time="0.006" /><testcase classname="tests.test_models.TestCompleteRequest" name="test_valid_complete_request" time="0.002" /><testcase classname="tests.test_models.TestCompleteRequest" name="test_with_response_payload" time="0.002" /><testcase classname="tests.test_models.TestCompleteRequest" name="test_missing_transaction_id_raises" time="0.004" /><testcase classname="tests.test_models.TestCompleteRequest" name="test_missing_final_status_raises" time="0.002" /><testcase classname="tests.test_models.TestCheckResponse" name="test_valid_new_response" time="0.002" /><testcase classname="tests.test_models.TestCheckResponse" name="test_valid_duplicate_response" time="0.002" /><testcase classname="tests.test_models.TestCheckResponse" name="test_missing_required_fields_raises" time="0.004" /><testcase classname="tests.test_router.TestCheckEndpoint" name="test_new_request_returns_200" time="0.104" /><testcase classname="tests.test_router.TestCheckEndpoint" name="test_duplicate_request_returns_409" time="0.031" /><testcase classname="tests.test_router.TestCheckEndpoint" name="test_duplicate_response_contains_payload" time="0.029" /><testcase classname="tests.test_router.TestCheckEndpoint" name="test_missing_idempotency_key_header_returns_422" time="0.020" /><testcase classname="tests.test_router.TestCheckEndpoint" name="test_missing_caller_service_header_returns_422" time="0.019" /><testcase classname="tests.test_router.TestCheckEndpoint" name="test_missing_body_returns_422" time="0.029" /><testcase classname="tests.test_router.TestCheckEndpoint" name="test_new_response_status_is_processing" time="0.030" /><testcase classname="tests.test_router.TestCompleteEndpoint" name="test_complete_returns_204" time="0.025" /><testcase classname="tests.test_router.TestCompleteEndpoint" name="test_complete_calls_service_complete" time="0.021" /><testcase classname="tests.test_router.TestCompleteEndpoint" name="test_complete_missing_transaction_id_returns_422" time="0.018" /><testcase classname="tests.test_router.TestCompleteEndpoint" name="test_complete_with_payload" time="0.022" /><testcase classname="tests.test_router.TestDebugEndpoint" name="test_debug_records_returns_200" time="0.022" /><testcase classname="tests.test_service.TestCheckNew" name="test_new_key_returns_not_duplicate" time="0.005" /><testcase classname="tests.test_service.TestCheckNew" name="test_new_key_transaction_id_matches_key" time="0.005" /><testcase classname="tests.test_service.TestCheckNew" name="test_new_key_response_payload_is_none" time="0.003" /><testcase classname="tests.test_service.TestCheckDuplicate" name="test_duplicate_key_returns_duplicate_true" time="0.003" /><testcase classname="tests.test_service.TestCheckDuplicate" name="test_duplicate_returns_existing_status" time="0.004" /><testcase classname="tests.test_service.TestCheckDuplicate" name="test_duplicate_returns_existing_payload" time="0.005" /><testcase classname="tests.test_service.TestCheckDuplicate" name="test_duplicate_does_not_call_insert" time="0.003" /><testcase classname="tests.test_service.TestCheckRaceCondition" name="test_race_condition_returns_duplicate" time="0.005" /><testcase classname="tests.test_service.TestCheckRaceCondition" name="test_race_condition_returns_processing_when_record_missing" time="0.004" /><testcase classname="tests.test_service.TestComplete" name="test_complete_calls_store_complete" time="0.004" /><testcase classname="tests.test_service.TestComplete" name="test_complete_passes_none_payload" time="0.004" /><testcase classname="tests.test_store.TestInsertIfAbsent" name="test_new_record_returns_true" time="0.004" /><testcase classname="tests.test_store.TestInsertIfAbsent" name="test_duplicate_record_returns_false" time="0.006" /><testcase classname="tests.test_store.TestInsertIfAbsent" name="test_unexpected_error_raises" time="0.006" /><testcase classname="tests.test_store.TestInsertIfAbsent" name="test_ttl_field_added_to_record" time="0.006" /><testcase classname="tests.test_store.TestInsertIfAbsent" name="test_put_item_called_with_condition" time="0.008" /><testcase classname="tests.test_store.TestFindByKey" name="test_returns_item_when_found" time="0.009" /><testcase classname="tests.test_store.TestFindByKey" name="test_returns_none_when_not_found" time="0.008" /><testcase classname="tests.test_store.TestFindByKey" name="test_uses_consistent_read" time="0.009" /><testcase classname="tests.test_store.TestComplete" name="test_updates_status_and_payload" time="0.005" /><testcase classname="tests.test_store.TestComplete" name="test_none_payload_stored_as_empty_string" time="0.009" /><testcase classname="tests.test_store.TestComplete" name="test_conditional_check_failed_does_not_raise" time="0.005" /><testcase classname="tests.test_store.TestComplete" name="test_unexpected_error_raises" time="0.004" /><testcase classname="tests.test_store.TestComplete" name="test_correct_key_used" time="0.003" /><testcase classname="tests.test_store.TestScanAll" name="test_returns_all_items" time="0.004" /><testcase classname="tests.test_store.TestScanAll" name="test_returns_empty_list_when_no_items" time="0.003" /></testsuite></testsuites>