<?xml version="1.0" encoding="utf-8"?><testsuites><testsuite name="pytest" errors="0" failures="0" skipped="0" tests="42" time="1.799" timestamp="2026-09-21T18:46:51.163893" hostname="UI-H29BGG4"><testcase classname="tests.test_bank_call_metrics.TestCallBankPrimary" name="test_primary_success_returns_response" time="0.025" /><testcase classname="tests.test_bank_call_metrics.TestCallBankPrimary" name="test_circuit_breaker_open_raises" time="0.007" /><testcase classname="tests.test_bank_call_metrics.TestCallBankPrimary" name="test_primary_fails_fallback_succeeds" time="0.007" /><testcase classname="tests.test_bank_call_metrics.TestCallBankPrimary" name="test_both_fail_raises_exception" time="0.010" /><testcase classname="tests.test_bank_call_metrics.TestCallBankPrimary" name="test_primary_http_error_uses_fallback" time="0.008" /><testcase classname="tests.test_bank_call_metrics.TestCallEndpointMetrics" name="test_timeout_increments_timeout_failure_metric" time="0.006" /><testcase classname="tests.test_bank_call_metrics.TestCallEndpointMetrics" name="test_http_error_increments_http_error_metric" time="0.006" /><testcase classname="tests.test_bank_call_metrics.TestCallEndpointMetrics" name="test_latency_always_recorded_on_success" time="0.005" /><testcase classname="tests.test_breaker_metrics.TestMakeBreaker" name="test_returns_circuit_breaker_instance" time="0.004" /><testcase classname="tests.test_breaker_metrics.TestMakeBreaker" name="test_fail_max_respected" time="0.001" /><testcase classname="tests.test_breaker_metrics.TestMakeBreaker" name="test_reset_timeout_respected" time="0.001" /><testcase classname="tests.test_breaker_metrics.TestMakeBreaker" name="test_breaker_has_ibts_listener" time="0.001" /><testcase classname="tests.test_breaker_metrics.TestMakeBreaker" name="test_default_fail_max_is_3" time="0.001" /><testcase classname="tests.test_breaker_metrics.TestMakeBreaker" name="test_default_reset_timeout_is_30" time="0.001" /><testcase classname="tests.test_breaker_metrics.TestMakeBreaker" name="test_all_banks_create_breaker[HDFC]" time="0.001" /><testcase classname="tests.test_breaker_metrics.TestMakeBreaker" name="test_all_banks_create_breaker[ICICI]" time="0.001" /><testcase classname="tests.test_breaker_metrics.TestMakeBreaker" name="test_all_banks_create_breaker[SBI]" time="0.001" /><testcase classname="tests.test_breaker_metrics.TestMakeBreaker" name="test_all_banks_create_breaker[YESBANK]" time="0.002" /><testcase classname="tests.test_breaker_metrics.TestMakeBreaker" name="test_breaker_starts_closed" time="0.001" /><testcase classname="tests.test_breaker_metrics.TestMakeBreaker" name="test_breaker_opens_after_fail_max" time="0.001" /><testcase classname="tests.test_breaker_metrics.TestMakeBreaker" name="test_failures_isolated_per_bank" time="0.002" /><testcase classname="tests.test_breaker_metrics.TestIBTSBreakerListener" name="test_state_change_closed_to_open_calls_state_gauge" time="0.002" /><testcase classname="tests.test_breaker_metrics.TestIBTSBreakerListener" name="test_state_change_records_transition_counter" time="0.001" /><testcase classname="tests.test_breaker_metrics.TestIBTSBreakerListener" name="test_failure_callback_updates_fail_count_gauge" time="0.001" /><testcase classname="tests.test_breaker_metrics.TestIBTSBreakerListener" name="test_success_callback_resets_state_gauge_to_zero" time="0.002" /><testcase classname="tests.test_breaker_metrics.TestIBTSBreakerListener" name="test_open_to_half_open_records_duration" time="0.057" /><testcase classname="tests.test_models.TestAdapterRequest" name="test_valid_request_parses" time="0.188" /><testcase classname="tests.test_models.TestAdapterRequest" name="test_missing_transaction_id_raises" time="0.001" /><testcase classname="tests.test_models.TestAdapterRequest" name="test_missing_bank_code_raises" time="0.001" /><testcase classname="tests.test_models.TestAdapterRequest" name="test_missing_amount_raises" time="0.001" /><testcase classname="tests.test_models.TestAdapterRequest" name="test_currency_defaults_to_inr" time="0.001" /><testcase classname="tests.test_models.TestAdapterRequest" name="test_remarks_defaults_to_empty_string" time="0.001" /><testcase classname="tests.test_models.TestAdapterResponse" name="test_valid_success_response" time="0.001" /><testcase classname="tests.test_models.TestAdapterResponse" name="test_valid_failed_response" time="0.001" /><testcase classname="tests.test_models.TestAdapterResponse" name="test_invalid_status_raises" time="0.001" /><testcase classname="tests.test_models.TestAdapterResponse" name="test_invalid_resolved_via_raises" time="0.001" /><testcase classname="tests.test_models.TestAdapterResponse" name="test_all_valid_combinations[PRIMARY-SUCCESS]" time="0.002" /><testcase classname="tests.test_models.TestAdapterResponse" name="test_all_valid_combinations[PRIMARY-FAILED]" time="0.001" /><testcase classname="tests.test_models.TestAdapterResponse" name="test_all_valid_combinations[FALLBACK-SUCCESS]" time="0.001" /><testcase classname="tests.test_models.TestAdapterResponse" name="test_all_valid_combinations[FALLBACK-FAILED]" time="0.001" /><testcase classname="tests.test_models.TestAdapterResponse" name="test_all_valid_combinations[NONE-SUCCESS]" time="0.001" /><testcase classname="tests.test_models.TestAdapterResponse" name="test_all_valid_combinations[NONE-FAILED]" time="0.001" /></testsuite></testsuites>