<?xml version="1.0" encoding="utf-8"?><testsuites><testsuite name="pytest" errors="0" failures="0" skipped="0" tests="93" time="4.856" timestamp="2026-09-21T22:11:14.486269" hostname="UI-H29BGG4"><testcase classname="tests.test_clients.TestAdapterClient" name="test_send_payment_success" time="0.035" /><testcase classname="tests.test_clients.TestAdapterClient" name="test_send_payment_raises_on_http_error" time="0.010" /><testcase classname="tests.test_clients.TestAdapterClient" name="test_amount_converted_from_paise_to_rupees" time="0.011" /><testcase classname="tests.test_clients.TestIdempotencyClient" name="test_check_new_returns_response" time="0.017" /><testcase classname="tests.test_clients.TestIdempotencyClient" name="test_check_409_returns_without_raising" time="0.017" /><testcase classname="tests.test_clients.TestIdempotencyClient" name="test_complete_calls_correct_endpoint" time="0.010" /><testcase classname="tests.test_clients.TestRouterClient" name="test_resolve_vpa_returns_bank_info" time="0.014" /><testcase classname="tests.test_clients.TestRouterClient" name="test_resolve_vpa_raises_on_404" time="0.009" /><testcase classname="tests.test_dynamo.TestWriteTxn" name="test_write_txn_calls_put_item" time="0.005" /><testcase classname="tests.test_dynamo.TestWriteTxn" name="test_write_txn_sets_created_at" time="0.002" /><testcase classname="tests.test_dynamo.TestWriteTxn" name="test_write_txn_sets_updated_at" time="0.003" /><testcase classname="tests.test_dynamo.TestWriteTxn" name="test_write_txn_created_equals_updated_at_on_write" time="0.002" /><testcase classname="tests.test_dynamo.TestGetTxn" name="test_returns_item_when_found" time="0.002" /><testcase classname="tests.test_dynamo.TestGetTxn" name="test_returns_none_when_not_found" time="0.002" /><testcase classname="tests.test_dynamo.TestGetTxnByIdempotencyKey" name="test_returns_first_matching_item" time="0.002" /><testcase classname="tests.test_dynamo.TestGetTxnByIdempotencyKey" name="test_returns_none_when_no_match" time="0.002" /><testcase classname="tests.test_dynamo.TestGetTxnByBankRrn" name="test_returns_first_matching_item" time="0.002" /><testcase classname="tests.test_dynamo.TestGetTxnByBankRrn" name="test_returns_none_when_no_match" time="0.002" /><testcase classname="tests.test_dynamo.TestUpdateState" name="test_update_state_calls_update_item" time="0.002" /><testcase classname="tests.test_dynamo.TestUpdateState" name="test_update_state_with_bank_rrn" time="0.003" /><testcase classname="tests.test_dynamo.TestUpdateState" name="test_update_state_with_error" time="0.002" /><testcase classname="tests.test_dynamo.TestUpdateState" name="test_update_state_sets_correct_key" time="0.002" /><testcase classname="tests.test_models.TestPaymentRequest" name="test_valid_request_parses" time="0.003" /><testcase classname="tests.test_models.TestPaymentRequest" name="test_missing_idempotency_key_raises" time="0.002" /><testcase classname="tests.test_models.TestPaymentRequest" name="test_short_idempotency_key_raises" time="0.002" /><testcase classname="tests.test_models.TestPaymentRequest" name="test_zero_amount_raises" time="0.002" /><testcase classname="tests.test_models.TestPaymentRequest" name="test_negative_amount_raises" time="0.002" /><testcase classname="tests.test_models.TestPaymentRequest" name="test_exceeds_upi_limit_raises" time="0.002" /><testcase classname="tests.test_models.TestPaymentRequest" name="test_max_upi_limit_accepted" time="0.002" /><testcase classname="tests.test_models.TestPaymentRequest" name="test_invalid_payer_vpa_raises" time="0.002" /><testcase classname="tests.test_models.TestPaymentRequest" name="test_invalid_payee_vpa_raises" time="0.002" /><testcase classname="tests.test_models.TestPaymentRequest" name="test_remarks_is_optional" time="0.002" /><testcase classname="tests.test_models.TestPaymentRequest" name="test_valid_vpa_formats[alice@oksbi]" time="0.002" /><testcase classname="tests.test_models.TestPaymentRequest" name="test_valid_vpa_formats[bob@okhdfcbank]" time="0.002" /><testcase classname="tests.test_models.TestPaymentRequest" name="test_valid_vpa_formats[charlie@okicici]" time="0.002" /><testcase classname="tests.test_models.TestPaymentRequest" name="test_valid_vpa_formats[user.name@ybl]" time="0.002" /><testcase classname="tests.test_models.TestPaymentRequest" name="test_valid_vpa_formats[user-1@axisbank]" time="0.002" /><testcase classname="tests.test_models.TestTxnState" name="test_all_states_exist" time="0.002" /><testcase classname="tests.test_models.TestTxnState" name="test_state_is_string_enum" time="0.002" /><testcase classname="tests.test_models.TestTxnRecord" name="test_txn_id_auto_generated" time="0.002" /><testcase classname="tests.test_models.TestTxnRecord" name="test_two_records_have_different_txn_ids" time="0.002" /><testcase classname="tests.test_models.TestTxnRecord" name="test_default_state_is_initiated" time="0.002" /><testcase classname="tests.test_payment_metrics.TestBankFromVpa" name="test_known_handles_map_correctly[alice@oksbi-SBI]" time="0.007" /><testcase classname="tests.test_payment_metrics.TestBankFromVpa" name="test_known_handles_map_correctly[alice@sbi-SBI]" time="0.002" /><testcase classname="tests.test_payment_metrics.TestBankFromVpa" name="test_known_handles_map_correctly[bob@okhdfcbank-HDFC]" time="0.002" /><testcase classname="tests.test_payment_metrics.TestBankFromVpa" name="test_known_handles_map_correctly[bob@hdfc-HDFC]" time="0.002" /><testcase classname="tests.test_payment_metrics.TestBankFromVpa" name="test_known_handles_map_correctly[charlie@okicici-ICICI]" time="0.002" /><testcase classname="tests.test_payment_metrics.TestBankFromVpa" name="test_known_handles_map_correctly[dave@ybl-YESBANK]" time="0.002" /><testcase classname="tests.test_payment_metrics.TestBankFromVpa" name="test_known_handles_map_correctly[eve@okaxis-AXIS]" time="0.002" /><testcase classname="tests.test_payment_metrics.TestBankFromVpa" name="test_known_handles_map_correctly[eve@axisbank-AXIS]" time="0.002" /><testcase classname="tests.test_payment_metrics.TestBankFromVpa" name="test_known_handles_map_correctly[frank@paytm-PAYTM]" time="0.003" /><testcase classname="tests.test_payment_metrics.TestBankFromVpa" name="test_known_handles_map_correctly[frank@apl-PAYTM]" time="0.004" /><testcase classname="tests.test_payment_metrics.TestBankFromVpa" name="test_known_handles_map_correctly[unknown@xyz-XYZ]" time="0.004" /><testcase classname="tests.test_payment_metrics.TestBankFromVpa" name="test_known_handles_map_correctly[fallback@newbank-NEWBANK]" time="0.007" /><testcase classname="tests.test_payment_metrics.TestBankFromVpa" name="test_no_at_sign_returns_unknown" time="0.004" /><testcase classname="tests.test_payment_metrics.TestBankFromVpa" name="test_empty_string_returns_unknown" time="0.003" /><testcase classname="tests.test_payment_metrics.TestBankFromVpa" name="test_uppercase_vpa_normalised" time="0.004" /><testcase classname="tests.test_payment_metrics.TestRecordIdempotency" name="test_new_increments_counter" time="0.004" /><testcase classname="tests.test_payment_metrics.TestRecordIdempotency" name="test_cached_increments_counter" time="0.008" /><testcase classname="tests.test_payment_metrics.TestRecordPayment" name="test_success_increments_initiated_total" time="0.008" /><testcase classname="tests.test_payment_metrics.TestRecordPayment" name="test_success_increments_total_amount_paise" time="0.004" /><testcase classname="tests.test_payment_metrics.TestRecordPayment" name="test_failed_does_not_increment_total_amount" time="0.006" /><testcase classname="tests.test_payment_metrics.TestRecordPayment" name="test_failed_with_error_kind_increments_errors_total" time="0.004" /><testcase classname="tests.test_payment_metrics.TestRecordPayment" name="test_success_does_not_increment_errors_total" time="0.004" /><testcase classname="tests.test_payment_metrics.TestRecordPayment" name="test_duration_records_latency" time="0.004" /><testcase classname="tests.test_payment_metrics.TestRecordPayment" name="test_zero_duration_skips_latency" time="0.005" /><testcase classname="tests.test_payment_metrics.TestPaymentTimer" name="test_success_context_records_success" time="0.016" /><testcase classname="tests.test_payment_metrics.TestPaymentTimer" name="test_exception_sets_failed_and_reraises" time="0.016" /><testcase classname="tests.test_payment_metrics.TestPaymentTimer" name="test_default_status_is_failed_if_not_set" time="0.012" /><testcase classname="tests.test_payment_metrics.TestRecordBankRequest" name="test_success_call_increments_requests_total" time="0.006" /><testcase classname="tests.test_payment_metrics.TestRecordBankRequest" name="test_failed_call_increments_failures_total" time="0.006" /><testcase classname="tests.test_payment_metrics.TestRecordBankRequest" name="test_fallback_used_increments_fallback_counter" time="0.004" /><testcase classname="tests.test_payment_metrics.TestRecordBankRequest" name="test_no_failure_does_not_increment_failures" time="0.003" /><testcase classname="tests.test_router_payments.TestInitiatePaymentSuccess" name="test_new_payment_returns_200" time="0.315" /><testcase classname="tests.test_router_payments.TestInitiatePaymentSuccess" name="test_new_payment_writes_txn_to_dynamo" time="0.035" /><testcase classname="tests.test_router_payments.TestInitiatePaymentSuccess" name="test_new_payment_updates_state_to_processing_then_success" time="0.057" /><testcase classname="tests.test_router_payments.TestInitiatePaymentSuccess" name="test_bank_failed_returns_502" time="0.051" /><testcase classname="tests.test_router_payments.TestInitiatePaymentIdempotency" name="test_cached_request_returns_200_from_payload" time="0.030" /><testcase classname="tests.test_router_payments.TestInitiatePaymentIdempotency" name="test_cached_request_does_not_call_bank" time="0.033" /><testcase classname="tests.test_router_payments.TestInitiatePaymentIdempotency" name="test_cached_no_payload_falls_back_to_dynamo" time="0.037" /><testcase classname="tests.test_router_payments.TestInitiatePaymentIdempotency" name="test_cached_no_payload_no_dynamo_record_returns_500" time="0.028" /><testcase classname="tests.test_router_payments.TestInitiatePaymentErrors" name="test_idempotency_guard_down_returns_503" time="0.024" /><testcase classname="tests.test_router_payments.TestInitiatePaymentErrors" name="test_router_down_returns_503" time="0.028" /><testcase classname="tests.test_router_payments.TestInitiatePaymentErrors" name="test_vpa_unresolvable_returns_http_error_code" time="0.033" /><testcase classname="tests.test_router_payments.TestInitiatePaymentErrors" name="test_bank_adapter_timeout_returns_504" time="0.044" /><testcase classname="tests.test_router_payments.TestInitiatePaymentErrors" name="test_bank_adapter_http_error_returns_502" time="0.045" /><testcase classname="tests.test_router_payments.TestGetPayment" name="test_get_existing_txn_returns_200" time="0.041" /><testcase classname="tests.test_router_payments.TestGetPayment" name="test_get_nonexistent_txn_returns_404" time="0.028" /><testcase classname="tests.test_router_payments.TestGetPayment" name="test_get_failed_txn_returns_error_message" time="0.037" /><testcase classname="tests.test_sqs.TestEmitSettlementEvent" name="test_sends_message_with_correct_body" time="0.003" /><testcase classname="tests.test_sqs.TestEmitSettlementEvent" name="test_does_not_raise_on_sqs_failure" time="0.005" /><testcase classname="tests.test_sqs.TestEmitSettlementEvent" name="test_does_not_raise_when_queue_url_fails" time="0.003" /><testcase classname="tests.test_sqs.TestEmitSettlementEvent" name="test_correct_queue_url_used" time="0.003" /></testsuite></testsuites>